Using pre-set license
Built from '2021.3/staging' branch; Version is '2021.3.22f1 (b6c551784ba3) revision 11978065'; Using compiler version '192829333'; Build Type 'Release'
OS: 'Windows 11  (10.0.22621) 64bit CoreSingleLanguage' Language: 'tr' Physical Memory: 7930 MB
BatchMode: 1, IsHumanControllingUs: 0, StartBugReporterOnCrash: 0, Is64bit: 1, IsPro: 1

COMMAND LINE ARGUMENTS:
C:\Program Files\Unity\Hub\Editor\2021.3.22f1\Editor\Unity.exe
-adb2
-batchMode
-noUpm
-name
AssetImportWorker0
-projectPath
C:/Users/ALEYNA/Desktop/RotatingCarPark/HybridCasualGame
-logFile
Logs/AssetImportWorker0.log
-srvPort
62821
Successfully changed project path to: C:/Users/ALEYNA/Desktop/RotatingCarPark/HybridCasualGame
C:/Users/ALEYNA/Desktop/RotatingCarPark/HybridCasualGame
[UnityMemory] Configuration Parameters - Can be set up in boot.config
    "memorysetup-bucket-allocator-granularity=16"
    "memorysetup-bucket-allocator-bucket-count=8"
    "memorysetup-bucket-allocator-block-size=33554432"
    "memorysetup-bucket-allocator-block-count=8"
    "memorysetup-main-allocator-block-size=16777216"
    "memorysetup-thread-allocator-block-size=16777216"
    "memorysetup-gfx-main-allocator-block-size=16777216"
    "memorysetup-gfx-thread-allocator-block-size=16777216"
    "memorysetup-cache-allocator-block-size=4194304"
    "memorysetup-typetree-allocator-block-size=2097152"
    "memorysetup-profiler-bucket-allocator-granularity=16"
    "memorysetup-profiler-bucket-allocator-bucket-count=8"
    "memorysetup-profiler-bucket-allocator-block-size=33554432"
    "memorysetup-profiler-bucket-allocator-block-count=8"
    "memorysetup-profiler-allocator-block-size=16777216"
    "memorysetup-profiler-editor-allocator-block-size=1048576"
    "memorysetup-temp-allocator-size-main=16777216"
    "memorysetup-job-temp-allocator-block-size=2097152"
    "memorysetup-job-temp-allocator-block-size-background=1048576"
    "memorysetup-job-temp-allocator-reduction-small-platforms=262144"
    "memorysetup-temp-allocator-size-background-worker=32768"
    "memorysetup-temp-allocator-size-job-worker=262144"
    "memorysetup-temp-allocator-size-preload-manager=33554432"
    "memorysetup-temp-allocator-size-nav-mesh-worker=65536"
    "memorysetup-temp-allocator-size-audio-worker=65536"
    "memorysetup-temp-allocator-size-cloud-worker=32768"
    "memorysetup-temp-allocator-size-gi-baking-worker=262144"
    "memorysetup-temp-allocator-size-gfx=262144"
Player connection [6220] Host "[IP] 192.168.1.36 [Port] 0 [Flags] 2 [Guid] 4190386211 [EditorId] 4190386211 [Version] 1048832 [Id] WindowsEditor(7,LAPTOP-6UIVN689) [Debug] 1 [PackageName] WindowsEditor [ProjectName] Editor" joined multi-casting on [225.0.0.222:54997]...

Player connection [6220] Host "[IP] 192.168.1.36 [Port] 0 [Flags] 2 [Guid] 4190386211 [EditorId] 4190386211 [Version] 1048832 [Id] WindowsEditor(7,LAPTOP-6UIVN689) [Debug] 1 [PackageName] WindowsEditor [ProjectName] Editor" joined alternative multi-casting on [225.0.0.222:34997]...

Refreshing native plugins compatible for Editor in 67.95 ms, found 3 plugins.
Preloading 0 native plugins for Editor in 0.00 ms.
Initialize engine version: 2021.3.22f1 (b6c551784ba3)
[Subsystems] Discovering subsystems at path C:/Program Files/Unity/Hub/Editor/2021.3.22f1/Editor/Data/Resources/UnitySubsystems
[Subsystems] Discovering subsystems at path C:/Users/ALEYNA/Desktop/RotatingCarPark/HybridCasualGame/Assets
GfxDevice: creating device client; threaded=0; jobified=0
Direct3D:
    Version:  Direct3D 11.0 [level 11.1]
    Renderer: NVIDIA GeForce RTX 3050 Laptop GPU (ID=0x25a5)
    Vendor:   NVIDIA
    VRAM:     3991 MB
    Driver:   31.0.15.1720
Initialize mono
Mono path[0] = 'C:/Program Files/Unity/Hub/Editor/2021.3.22f1/Editor/Data/Managed'
Mono path[1] = 'C:/Program Files/Unity/Hub/Editor/2021.3.22f1/Editor/Data/MonoBleedingEdge/lib/mono/unityjit-win32'
Mono config path = 'C:/Program Files/Unity/Hub/Editor/2021.3.22f1/Editor/Data/MonoBleedingEdge/etc'
Using monoOptions --debugger-agent=transport=dt_socket,embedding=1,server=y,suspend=n,address=127.0.0.1:56820
Begin MonoManager ReloadAssembly
Registering precompiled unity dll's ...
Register platform support module: C:/Program Files/Unity/Hub/Editor/2021.3.22f1/Editor/Data/PlaybackEngines/WebGLSupport/UnityEditor.WebGL.Extensions.dll
Register platform support module: C:/Program Files/Unity/Hub/Editor/2021.3.22f1/Editor/Data/PlaybackEngines/MacStandaloneSupport/UnityEditor.OSXStandalone.Extensions.dll
Register platform support module: C:/Program Files/Unity/Hub/Editor/2021.3.22f1/Editor/Data/PlaybackEngines/AndroidPlayer/UnityEditor.Android.Extensions.dll
Register platform support module: C:/Program Files/Unity/Hub/Editor/2021.3.22f1/Editor/Data/PlaybackEngines/iOSSupport/UnityEditor.iOS.Extensions.dll
Register platform support module: C:/Program Files/Unity/Hub/Editor/2021.3.22f1/Editor/Data/PlaybackEngines/AppleTVSupport/UnityEditor.AppleTV.Extensions.dll
Register platform support module: C:/Program Files/Unity/Hub/Editor/2021.3.22f1/Editor/Data/PlaybackEngines/WindowsStandaloneSupport/UnityEditor.WindowsStandalone.Extensions.dll
Register platform support module: C:/Program Files/Unity/Hub/Editor/2021.3.22f1/Editor/Data/PlaybackEngines/LinuxStandaloneSupport/UnityEditor.LinuxStandalone.Extensions.dll
Register platform support module: C:/Program Files/Unity/Hub/Editor/2021.3.22f1/Editor/Data/PlaybackEngines/MetroSupport/UnityEditor.UWP.Extensions.dll
Registered in 0.011294 seconds.
Native extension for UWP target not found
Native extension for LinuxStandalone target not found
Native extension for WindowsStandalone target not found
[usbmuxd] Start listen thread
[usbmuxd] Listen thread started
[usbmuxd] Send listen message
Native extension for AppleTV target not found
[usbmuxd] Start listen thread
[usbmuxd] Listen thread started
[usbmuxd] Send listen message
Native extension for iOS target not found
Native extension for Android target not found
Android Extension - Scanning For ADB Devices 281 ms
Native extension for OSXStandalone target not found
Native extension for WebGL target not found
Refreshing native plugins compatible for Editor in 98.89 ms, found 3 plugins.
Preloading 0 native plugins for Editor in 0.00 ms.
Mono: successfully reloaded assembly
- Completed reload, in  0.935 seconds
Domain Reload Profiling:
	ReloadAssembly (935ms)
		BeginReloadAssembly (76ms)
			ExecutionOrderSort (0ms)
			DisableScriptedObjects (0ms)
			BackupInstance (0ms)
			ReleaseScriptingObjects (0ms)
			CreateAndSetChildDomain (1ms)
		EndReloadAssembly (768ms)
			LoadAssemblies (76ms)
			RebuildTransferFunctionScriptingTraits (0ms)
			SetupTypeCache (96ms)
			ReleaseScriptCaches (0ms)
			RebuildScriptCaches (25ms)
			SetupLoadedEditorAssemblies (600ms)
				LogAssemblyErrors (0ms)
				InitializePlatformSupportModulesInManaged (364ms)
				SetLoadedEditorAssemblies (0ms)
				RefreshPlugins (99ms)
				BeforeProcessingInitializeOnLoad (1ms)
				ProcessInitializeOnLoadAttributes (88ms)
				ProcessInitializeOnLoadMethodAttributes (48ms)
				AfterProcessingInitializeOnLoad (0ms)
				EditorAssembliesLoaded (0ms)
			ExecutionOrderSort2 (0ms)
			AwakeInstancesAfterBackupRestoration (0ms)
Platform modules already initialized, skipping
Registering precompiled user dll's ...
Registered in 0.006124 seconds.
Begin MonoManager ReloadAssembly
Symbol file LoadedFromMemory doesn't match image C:\Users\ALEYNA\Desktop\RotatingCarPark\HybridCasualGame\Library\PackageCache\com.unity.visualscripting@1.8.0\Editor\VisualScripting.Core\Dependencies\YamlDotNet\Unity.VisualScripting.YamlDotNet.dll
Symbol file LoadedFromMemory doesn't match image C:\Users\ALEYNA\Desktop\RotatingCarPark\HybridCasualGame\Library\PackageCache\com.unity.visualscripting@1.8.0\Editor\VisualScripting.Core\Dependencies\DotNetZip\Unity.VisualScripting.IonicZip.dll
Native extension for UWP target not found
Native extension for LinuxStandalone target not found
Native extension for WindowsStandalone target not found
Native extension for AppleTV target not found
Native extension for iOS target not found
Native extension for Android target not found
Native extension for OSXStandalone target not found
Native extension for WebGL target not found
Refreshing native plugins compatible for Editor in 0.65 ms, found 3 plugins.
Preloading 0 native plugins for Editor in 0.00 ms.
Mono: successfully reloaded assembly
- Completed reload, in  0.946 seconds
Domain Reload Profiling:
	ReloadAssembly (947ms)
		BeginReloadAssembly (120ms)
			ExecutionOrderSort (0ms)
			DisableScriptedObjects (5ms)
			BackupInstance (0ms)
			ReleaseScriptingObjects (0ms)
			CreateAndSetChildDomain (20ms)
		EndReloadAssembly (732ms)
			LoadAssemblies (95ms)
			RebuildTransferFunctionScriptingTraits (0ms)
			SetupTypeCache (241ms)
			ReleaseScriptCaches (1ms)
			RebuildScriptCaches (54ms)
			SetupLoadedEditorAssemblies (316ms)
				LogAssemblyErrors (0ms)
				InitializePlatformSupportModulesInManaged (30ms)
				SetLoadedEditorAssemblies (0ms)
				RefreshPlugins (1ms)
				BeforeProcessingInitializeOnLoad (83ms)
				ProcessInitializeOnLoadAttributes (179ms)
				ProcessInitializeOnLoadMethodAttributes (15ms)
				AfterProcessingInitializeOnLoad (6ms)
				EditorAssembliesLoaded (0ms)
			ExecutionOrderSort2 (0ms)
			AwakeInstancesAfterBackupRestoration (5ms)
Platform modules already initialized, skipping
========================================================================
Worker process is ready to serve import requests
Launched and connected shader compiler UnityShaderCompiler.exe after 0.06 seconds
Refreshing native plugins compatible for Editor in 0.55 ms, found 3 plugins.
Preloading 0 native plugins for Editor in 0.00 ms.
Unloading 3083 Unused Serialized files (Serialized files now loaded: 0)
Unloading 24 unused Assets / (113.5 KB). Loaded Objects now: 3545.
Memory consumption went from 109.1 MB to 108.9 MB.
Total: 2.881500 ms (FindLiveObjects: 0.387400 ms CreateObjectMapping: 0.089400 ms MarkObjects: 2.279600 ms  DeleteObjects: 0.124000 ms)

AssetImportParameters requested are different than current active one (requested -> active):
  custom:video-decoder-ogg-theora: a1e56fd34408186e4bbccfd4996cb3dc -> 
  custom:container-muxer-webm: aa71ff27fc2769a1b78a27578f13a17b -> 
  custom:container-demuxer-webm: 4f35f7cbe854078d1ac9338744f61a02 -> 
  custom:video-encoder-webm-vp8: eb34c28f22e8b96e1ab97ce403110664 -> 
  custom:video-codec-MediaFoundation-h265: 746d11721c4dcdbdad8f713fa42b33f4 -> 
  custom:audio-encoder-webm-vorbis: bf7c407c2cedff20999df2af8eb42d56 -> 
  custom:framework-win-MediaFoundation: 216162199b28c13a410421893ffa2e32 -> 
  custom:container-demuxer-ogg: 62fdf1f143b41e24485cea50d1cbac27 -> 
  custom:video-decoder-webm-vp8: 9c59270c3fd7afecdb556c50c9e8de78 -> 
  custom:audio-decoder-ogg-vorbis: bf7c407c2cedff20999df2af8eb42d56 -> 
========================================================================
Received Import Request.
  Time since last request: 106278.460494 seconds.
  path: Assets/Assets/3thParties
  artifactKey: Guid(3d0ec8ddffdfced44b10ff24c75ecee9) Importer(815301076,1909f56bfc062723c751e8b465ee728b)
Start importing Assets/Assets/3thParties using Guid(3d0ec8ddffdfced44b10ff24c75ecee9) Importer(815301076,1909f56bfc062723c751e8b465ee728b)  -> (artifact id: '308db3e80e127858f4482243bafd8d5a') in 0.025085 seconds 
========================================================================
Received Import Request.
  Time since last request: 1.464846 seconds.
  path: Assets/Assets/3thParties/Downtown Game Studio
  artifactKey: Guid(b8240ce7e392c0b46b7e55bad669b176) Importer(815301076,1909f56bfc062723c751e8b465ee728b)
Start importing Assets/Assets/3thParties/Downtown Game Studio using Guid(b8240ce7e392c0b46b7e55bad669b176) Importer(815301076,1909f56bfc062723c751e8b465ee728b)  -> (artifact id: 'd8fd602d28d8ab32ef1df4196aec4c6d') in 0.012325 seconds 
========================================================================
Received Import Request.
  Time since last request: 0.710790 seconds.
  path: Assets/Assets/3thParties/Downtown Game Studio/HYPERCASUAL - Simple Female & Male Characters
  artifactKey: Guid(fc1e7365929a94a458a2c7c174674ccf) Importer(815301076,1909f56bfc062723c751e8b465ee728b)
Start importing Assets/Assets/3thParties/Downtown Game Studio/HYPERCASUAL - Simple Female & Male Characters using Guid(fc1e7365929a94a458a2c7c174674ccf) Importer(815301076,1909f56bfc062723c751e8b465ee728b)  -> (artifact id: '99806a65bdd9aa5b282cb7575f536deb') in 0.012116 seconds 
========================================================================
Received Import Request.
  Time since last request: 0.664049 seconds.
  path: Assets/Assets/3thParties/Downtown Game Studio/HYPERCASUAL - Simple Female & Male Characters/Materials
  artifactKey: Guid(d9b51e261f5f3c34d9d38a2d1268c654) Importer(815301076,1909f56bfc062723c751e8b465ee728b)
Start importing Assets/Assets/3thParties/Downtown Game Studio/HYPERCASUAL - Simple Female & Male Characters/Materials using Guid(d9b51e261f5f3c34d9d38a2d1268c654) Importer(815301076,1909f56bfc062723c751e8b465ee728b)  -> (artifact id: '91d87b74b28a68066d7d6afc6bcd0be3') in 0.011287 seconds 
========================================================================
Received Import Request.
  Time since last request: 0.116305 seconds.
  path: Assets/Assets/3thParties/Downtown Game Studio/HYPERCASUAL - Simple Female & Male Characters/Materials/Pedestal Female 1.mat
  artifactKey: Guid(d9fdabab02a47a448b035b9ef1405f22) Importer(815301076,1909f56bfc062723c751e8b465ee728b)
Start importing Assets/Assets/3thParties/Downtown Game Studio/HYPERCASUAL - Simple Female & Male Characters/Materials/Pedestal Female 1.mat using Guid(d9fdabab02a47a448b035b9ef1405f22) Importer(815301076,1909f56bfc062723c751e8b465ee728b)  -> (artifact id: 'bc0f90122e611e6c26f57b5e8ec91004') in 0.310894 seconds 
========================================================================
Received Import Request.
  Time since last request: 3.478794 seconds.
  path: Assets/Assets/Animations
  artifactKey: Guid(6c0171875df981a4c954f0cd51d622b2) Importer(815301076,1909f56bfc062723c751e8b465ee728b)
Start importing Assets/Assets/Animations using Guid(6c0171875df981a4c954f0cd51d622b2) Importer(815301076,1909f56bfc062723c751e8b465ee728b)  -> (artifact id: '7a0f13305504406e8c2c2a2b736983fe') in 0.011576 seconds 
========================================================================
Received Import Request.
  Time since last request: 0.572696 seconds.
  path: Assets/Assets/Animations/Breathing Idle (1).fbx
  artifactKey: Guid(135bbce6147ad40478e2f7819234e997) Importer(815301076,1909f56bfc062723c751e8b465ee728b)
Start importing Assets/Assets/Animations/Breathing Idle (1).fbx using Guid(135bbce6147ad40478e2f7819234e997) Importer(815301076,1909f56bfc062723c751e8b465ee728b)  -> (artifact id: '8927fc915a5a97d108ff5eaab8a0420e') in 0.114817 seconds 
========================================================================
Received Import Request.
  Time since last request: 0.000031 seconds.
  path: Assets/Assets/Animations/Sitting Talking.fbx
  artifactKey: Guid(c8d45e2fda5aa3242b9c7578494e6fb1) Importer(815301076,1909f56bfc062723c751e8b465ee728b)
Start importing Assets/Assets/Animations/Sitting Talking.fbx using Guid(c8d45e2fda5aa3242b9c7578494e6fb1) Importer(815301076,1909f56bfc062723c751e8b465ee728b)  -> (artifact id: 'fe7ddc212acdde5d3e881423bdb3dd6f') in 0.061001 seconds 
========================================================================
Received Import Request.
  Time since last request: 2.039224 seconds.
  path: Assets/Assets/Audio2
  artifactKey: Guid(73487a89cab2aef42a788c7f4d115db9) Importer(815301076,1909f56bfc062723c751e8b465ee728b)
Start importing Assets/Assets/Audio2 using Guid(73487a89cab2aef42a788c7f4d115db9) Importer(815301076,1909f56bfc062723c751e8b465ee728b)  -> (artifact id: 'b842338b80aa7feaf1f88f8e3bb946ba') in 0.009558 seconds 
========================================================================
Received Import Request.
  Time since last request: 1.594252 seconds.
  path: Assets/Assets/Audio2/backgroundMusic.mp3
  artifactKey: Guid(8d8e39c9da782784ebe1b101c217ea56) Importer(815301076,1909f56bfc062723c751e8b465ee728b)
Start importing Assets/Assets/Audio2/backgroundMusic.mp3 using Guid(8d8e39c9da782784ebe1b101c217ea56) Importer(815301076,1909f56bfc062723c751e8b465ee728b)  -> (artifact id: '7aa333fe7b8f558a69556525384f91ae') in 0.068960 seconds 
========================================================================
Received Import Request.
  Time since last request: 2.110837 seconds.
  path: Assets/Assets/Images
  artifactKey: Guid(4f988f08cd39e6c49bcdbc95d2c4576a) Importer(815301076,1909f56bfc062723c751e8b465ee728b)
Start importing Assets/Assets/Images using Guid(4f988f08cd39e6c49bcdbc95d2c4576a) Importer(815301076,1909f56bfc062723c751e8b465ee728b)  -> (artifact id: '9776c74f9d8082fd07352855fef25b1f') in 0.011010 seconds 
========================================================================
Received Import Request.
  Time since last request: 0.931925 seconds.
  path: Assets/Assets/Images/cabbage.png
  artifactKey: Guid(00a5fa93457764c49ad56df394b7538c) Importer(815301076,1909f56bfc062723c751e8b465ee728b)
Start importing Assets/Assets/Images/cabbage.png using Guid(00a5fa93457764c49ad56df394b7538c) Importer(815301076,1909f56bfc062723c751e8b465ee728b)  -> (artifact id: 'b14694ee00ff65ed5ae108eb50143d94') in 0.067759 seconds 
========================================================================
Received Import Request.
  Time since last request: 0.000028 seconds.
  path: Assets/Assets/Images/Square_30.png
  artifactKey: Guid(dc8eab033bed4884e8e9f819d0619bad) Importer(815301076,1909f56bfc062723c751e8b465ee728b)
Start importing Assets/Assets/Images/Square_30.png using Guid(dc8eab033bed4884e8e9f819d0619bad) Importer(815301076,1909f56bfc062723c751e8b465ee728b)  -> (artifact id: '9eea68b4ac46903f133111613202ddec') in 0.032579 seconds 
========================================================================
Received Import Request.
  Time since last request: 0.000041 seconds.
  path: Assets/Assets/Images/Circle_Outline_30.png
  artifactKey: Guid(b7bf3c1842f9698459bd410e370cbcda) Importer(815301076,1909f56bfc062723c751e8b465ee728b)
Start importing Assets/Assets/Images/Circle_Outline_30.png using Guid(b7bf3c1842f9698459bd410e370cbcda) Importer(815301076,1909f56bfc062723c751e8b465ee728b)  -> (artifact id: 'a015b5c04aca73b86a642a3da9b663cd') in 0.021334 seconds 
========================================================================
Received Import Request.
  Time since last request: 0.000023 seconds.
  path: Assets/Assets/Images/Star.png
  artifactKey: Guid(651f2e1c0a0284249bfa31fb18baea57) Importer(815301076,1909f56bfc062723c751e8b465ee728b)
Start importing Assets/Assets/Images/Star.png using Guid(651f2e1c0a0284249bfa31fb18baea57) Importer(815301076,1909f56bfc062723c751e8b465ee728b)  -> (artifact id: 'ac50c4d5a70ccc8c4e5f7dd7e9fda44e') in 0.017153 seconds 
========================================================================
Received Import Request.
  Time since last request: 0.000026 seconds.
  path: Assets/Assets/Images/Circle_Outline_20.png
  artifactKey: Guid(8339f2a12415a88469ebc7a3f92a2ec8) Importer(815301076,1909f56bfc062723c751e8b465ee728b)
Start importing Assets/Assets/Images/Circle_Outline_20.png using Guid(8339f2a12415a88469ebc7a3f92a2ec8) Importer(815301076,1909f56bfc062723c751e8b465ee728b)  -> (artifact id: '26b9b183a9cce1d5b78f3bf1c9990601') in 0.017589 seconds 
========================================================================
Received Import Request.
  Time since last request: 0.000024 seconds.
  path: Assets/Assets/Images/coin 1.png
  artifactKey: Guid(ba5e74a0b6f0a4945aa4a84f68004cb6) Importer(815301076,1909f56bfc062723c751e8b465ee728b)
Start importing Assets/Assets/Images/coin 1.png using Guid(ba5e74a0b6f0a4945aa4a84f68004cb6) Importer(815301076,1909f56bfc062723c751e8b465ee728b)  -> (artifact id: '6eb466326881693d0173d70436b848c1') in 0.019802 seconds 
========================================================================
Received Prepare
Refreshing native plugins compatible for Editor in 7.72 ms, found 3 plugins.
Preloading 0 native plugins for Editor in 0.00 ms.
Unloading 17 Unused Serialized files (Serialized files now loaded: 0)
Unloading 17 unused Assets / (77.1 KB). Loaded Objects now: 3595.
Memory consumption went from 64.7 MB to 64.6 MB.
Total: 3.772700 ms (FindLiveObjects: 0.442800 ms CreateObjectMapping: 0.242700 ms MarkObjects: 2.990400 ms  DeleteObjects: 0.095300 ms)

AssetImportParameters requested are different than current active one (requested -> active):
  custom:video-decoder-ogg-theora: a1e56fd34408186e4bbccfd4996cb3dc -> 
  custom:container-muxer-webm: aa71ff27fc2769a1b78a27578f13a17b -> 
  custom:container-demuxer-webm: 4f35f7cbe854078d1ac9338744f61a02 -> 
  custom:video-encoder-webm-vp8: eb34c28f22e8b96e1ab97ce403110664 -> 
  custom:video-codec-MediaFoundation-h265: 746d11721c4dcdbdad8f713fa42b33f4 -> 
  custom:audio-encoder-webm-vorbis: bf7c407c2cedff20999df2af8eb42d56 -> 
  custom:framework-win-MediaFoundation: 216162199b28c13a410421893ffa2e32 -> 
  custom:container-demuxer-ogg: 62fdf1f143b41e24485cea50d1cbac27 -> 
  custom:video-decoder-webm-vp8: 9c59270c3fd7afecdb556c50c9e8de78 -> 
  custom:audio-decoder-ogg-vorbis: bf7c407c2cedff20999df2af8eb42d56 -> 
========================================================================
Received Prepare
Refreshing native plugins compatible for Editor in 5.46 ms, found 3 plugins.
Preloading 0 native plugins for Editor in 0.00 ms.
Unloading 17 Unused Serialized files (Serialized files now loaded: 0)
Unloading 17 unused Assets / (77.1 KB). Loaded Objects now: 3595.
Memory consumption went from 64.7 MB to 64.6 MB.
Total: 7.280700 ms (FindLiveObjects: 0.453100 ms CreateObjectMapping: 0.569000 ms MarkObjects: 6.078700 ms  DeleteObjects: 0.177500 ms)

AssetImportParameters requested are different than current active one (requested -> active):
  custom:video-decoder-ogg-theora: a1e56fd34408186e4bbccfd4996cb3dc -> 
  custom:container-muxer-webm: aa71ff27fc2769a1b78a27578f13a17b -> 
  custom:container-demuxer-webm: 4f35f7cbe854078d1ac9338744f61a02 -> 
  custom:video-encoder-webm-vp8: eb34c28f22e8b96e1ab97ce403110664 -> 
  custom:video-codec-MediaFoundation-h265: 746d11721c4dcdbdad8f713fa42b33f4 -> 
  custom:audio-encoder-webm-vorbis: bf7c407c2cedff20999df2af8eb42d56 -> 
  custom:framework-win-MediaFoundation: 216162199b28c13a410421893ffa2e32 -> 
  custom:container-demuxer-ogg: 62fdf1f143b41e24485cea50d1cbac27 -> 
  custom:video-decoder-webm-vp8: 9c59270c3fd7afecdb556c50c9e8de78 -> 
  custom:audio-decoder-ogg-vorbis: bf7c407c2cedff20999df2af8eb42d56 -> 
========================================================================
Received Import Request.
  Time since last request: 48.111390 seconds.
  path: Assets/Assets/Images/Circle_Outline.png
  artifactKey: Guid(49723e2fd8aa7bb4eb2e92781dae5c73) Importer(815301076,1909f56bfc062723c751e8b465ee728b)
Start importing Assets/Assets/Images/Circle_Outline.png using Guid(49723e2fd8aa7bb4eb2e92781dae5c73) Importer(815301076,1909f56bfc062723c751e8b465ee728b)  -> (artifact id: 'dc8f48a43055f8a380e5f693258a797f') in 0.024517 seconds 
========================================================================
Received Import Request.
  Time since last request: 0.000043 seconds.
  path: Assets/Assets/Images/Square_30.png
  artifactKey: Guid(dc8eab033bed4884e8e9f819d0619bad) Importer(815301076,1909f56bfc062723c751e8b465ee728b)
Start importing Assets/Assets/Images/Square_30.png using Guid(dc8eab033bed4884e8e9f819d0619bad) Importer(815301076,1909f56bfc062723c751e8b465ee728b)  -> (artifact id: '225acfa381eb3133a72c9c1c65de85f9') in 0.017825 seconds 
========================================================================
Received Import Request.
  Time since last request: 0.000046 seconds.
  path: Assets/Assets/Images/Circle_Outline_30.png
  artifactKey: Guid(b7bf3c1842f9698459bd410e370cbcda) Importer(815301076,1909f56bfc062723c751e8b465ee728b)
Start importing Assets/Assets/Images/Circle_Outline_30.png using Guid(b7bf3c1842f9698459bd410e370cbcda) Importer(815301076,1909f56bfc062723c751e8b465ee728b)  -> (artifact id: '795b7f3a5f6cab096f1afa63d365e9ca') in 0.018377 seconds 
========================================================================
Received Import Request.
  Time since last request: 0.000033 seconds.
  path: Assets/Assets/Images/lock2.png
  artifactKey: Guid(1926791655164ec4f924f24341a2d06b) Importer(815301076,1909f56bfc062723c751e8b465ee728b)
Start importing Assets/Assets/Images/lock2.png using Guid(1926791655164ec4f924f24341a2d06b) Importer(815301076,1909f56bfc062723c751e8b465ee728b)  -> (artifact id: '0fe0e4dc130e5e12089381d0e119ae40') in 0.026236 seconds 
========================================================================
Received Import Request.
  Time since last request: 0.000063 seconds.
  path: Assets/Assets/Images/Square_Outline_30_Large.png
  artifactKey: Guid(f9b2962495313a64ba9c2e81860d3657) Importer(815301076,1909f56bfc062723c751e8b465ee728b)
Start importing Assets/Assets/Images/Square_Outline_30_Large.png using Guid(f9b2962495313a64ba9c2e81860d3657) Importer(815301076,1909f56bfc062723c751e8b465ee728b)  -> (artifact id: '1ee7934e859a62eeb599e6e0e2c6827b') in 0.019149 seconds 
========================================================================
Received Prepare
Registering precompiled user dll's ...
Registered in 0.005694 seconds.
Begin MonoManager ReloadAssembly
Symbol file LoadedFromMemory doesn't match image C:\Users\ALEYNA\Desktop\RotatingCarPark\HybridCasualGame\Library\PackageCache\com.unity.visualscripting@1.8.0\Editor\VisualScripting.Core\Dependencies\YamlDotNet\Unity.VisualScripting.YamlDotNet.dll
Symbol file LoadedFromMemory doesn't match image C:\Users\ALEYNA\Desktop\RotatingCarPark\HybridCasualGame\Library\PackageCache\com.unity.visualscripting@1.8.0\Editor\VisualScripting.Core\Dependencies\DotNetZip\Unity.VisualScripting.IonicZip.dll
Native extension for UWP target not found
Native extension for LinuxStandalone target not found
Native extension for WindowsStandalone target not found
Native extension for AppleTV target not found
Native extension for iOS target not found
Native extension for Android target not found
Native extension for OSXStandalone target not found
Native extension for WebGL target not found
Refreshing native plugins compatible for Editor in 0.62 ms, found 3 plugins.
Preloading 0 native plugins for Editor in 0.00 ms.
Mono: successfully reloaded assembly
- Completed reload, in  1.197 seconds
Domain Reload Profiling:
	ReloadAssembly (1198ms)
		BeginReloadAssembly (243ms)
			ExecutionOrderSort (0ms)
			DisableScriptedObjects (6ms)
			BackupInstance (0ms)
			ReleaseScriptingObjects (0ms)
			CreateAndSetChildDomain (68ms)
		EndReloadAssembly (861ms)
			LoadAssemblies (194ms)
			RebuildTransferFunctionScriptingTraits (0ms)
			SetupTypeCache (313ms)
			ReleaseScriptCaches (1ms)
			RebuildScriptCaches (37ms)
			SetupLoadedEditorAssemblies (355ms)
				LogAssemblyErrors (0ms)
				InitializePlatformSupportModulesInManaged (44ms)
				SetLoadedEditorAssemblies (0ms)
				RefreshPlugins (1ms)
				BeforeProcessingInitializeOnLoad (71ms)
				ProcessInitializeOnLoadAttributes (210ms)
				ProcessInitializeOnLoadMethodAttributes (21ms)
				AfterProcessingInitializeOnLoad (7ms)
				EditorAssembliesLoaded (0ms)
			ExecutionOrderSort2 (0ms)
			AwakeInstancesAfterBackupRestoration (6ms)
Platform modules already initialized, skipping
Refreshing native plugins compatible for Editor in 1.86 ms, found 3 plugins.
Preloading 0 native plugins for Editor in 0.00 ms.
Unloading 3076 Unused Serialized files (Serialized files now loaded: 0)
Unloading 17 unused Assets / (79.8 KB). Loaded Objects now: 3597.
Memory consumption went from 126.1 MB to 126.0 MB.
Total: 3.168400 ms (FindLiveObjects: 0.332500 ms CreateObjectMapping: 0.161000 ms MarkObjects: 2.574500 ms  DeleteObjects: 0.097600 ms)

AssetImportParameters requested are different than current active one (requested -> active):
  custom:video-decoder-ogg-theora: a1e56fd34408186e4bbccfd4996cb3dc -> 
  custom:container-muxer-webm: aa71ff27fc2769a1b78a27578f13a17b -> 
  custom:container-demuxer-webm: 4f35f7cbe854078d1ac9338744f61a02 -> 
  custom:video-encoder-webm-vp8: eb34c28f22e8b96e1ab97ce403110664 -> 
  custom:video-codec-MediaFoundation-h265: 746d11721c4dcdbdad8f713fa42b33f4 -> 
  custom:audio-encoder-webm-vorbis: bf7c407c2cedff20999df2af8eb42d56 -> 
  custom:framework-win-MediaFoundation: 216162199b28c13a410421893ffa2e32 -> 
  custom:container-demuxer-ogg: 62fdf1f143b41e24485cea50d1cbac27 -> 
  custom:video-decoder-webm-vp8: 9c59270c3fd7afecdb556c50c9e8de78 -> 
  custom:audio-decoder-ogg-vorbis: bf7c407c2cedff20999df2af8eb42d56 -> 
========================================================================
Received Prepare
Registering precompiled user dll's ...
Registered in 0.006442 seconds.
Begin MonoManager ReloadAssembly
Symbol file LoadedFromMemory doesn't match image C:\Users\ALEYNA\Desktop\RotatingCarPark\HybridCasualGame\Library\PackageCache\com.unity.visualscripting@1.8.0\Editor\VisualScripting.Core\Dependencies\YamlDotNet\Unity.VisualScripting.YamlDotNet.dll
Symbol file LoadedFromMemory doesn't match image C:\Users\ALEYNA\Desktop\RotatingCarPark\HybridCasualGame\Library\PackageCache\com.unity.visualscripting@1.8.0\Editor\VisualScripting.Core\Dependencies\DotNetZip\Unity.VisualScripting.IonicZip.dll
Native extension for UWP target not found
Native extension for LinuxStandalone target not found
Native extension for WindowsStandalone target not found
Native extension for AppleTV target not found
Native extension for iOS target not found
Native extension for Android target not found
Native extension for OSXStandalone target not found
Native extension for WebGL target not found
Refreshing native plugins compatible for Editor in 0.50 ms, found 3 plugins.
Preloading 0 native plugins for Editor in 0.00 ms.
Mono: successfully reloaded assembly
- Completed reload, in  0.983 seconds
Domain Reload Profiling:
	ReloadAssembly (984ms)
		BeginReloadAssembly (135ms)
			ExecutionOrderSort (0ms)
			DisableScriptedObjects (4ms)
			BackupInstance (0ms)
			ReleaseScriptingObjects (0ms)
			CreateAndSetChildDomain (33ms)
		EndReloadAssembly (762ms)
			LoadAssemblies (147ms)
			RebuildTransferFunctionScriptingTraits (0ms)
			SetupTypeCache (241ms)
			ReleaseScriptCaches (1ms)
			RebuildScriptCaches (48ms)
			SetupLoadedEditorAssemblies (292ms)
				LogAssemblyErrors (0ms)
				InitializePlatformSupportModulesInManaged (32ms)
				SetLoadedEditorAssemblies (0ms)
				RefreshPlugins (1ms)
				BeforeProcessingInitializeOnLoad (58ms)
				ProcessInitializeOnLoadAttributes (180ms)
				ProcessInitializeOnLoadMethodAttributes (16ms)
				AfterProcessingInitializeOnLoad (6ms)
				EditorAssembliesLoaded (0ms)
			ExecutionOrderSort2 (0ms)
			AwakeInstancesAfterBackupRestoration (5ms)
Platform modules already initialized, skipping
Refreshing native plugins compatible for Editor in 1.43 ms, found 3 plugins.
Preloading 0 native plugins for Editor in 0.00 ms.
Unloading 3076 Unused Serialized files (Serialized files now loaded: 0)
Unloading 17 unused Assets / (79.8 KB). Loaded Objects now: 3600.
Memory consumption went from 126.1 MB to 126.0 MB.
Total: 2.394200 ms (FindLiveObjects: 0.201000 ms CreateObjectMapping: 0.066100 ms MarkObjects: 2.050000 ms  DeleteObjects: 0.076200 ms)

AssetImportParameters requested are different than current active one (requested -> active):
  custom:video-decoder-ogg-theora: a1e56fd34408186e4bbccfd4996cb3dc -> 
  custom:container-muxer-webm: aa71ff27fc2769a1b78a27578f13a17b -> 
  custom:container-demuxer-webm: 4f35f7cbe854078d1ac9338744f61a02 -> 
  custom:video-encoder-webm-vp8: eb34c28f22e8b96e1ab97ce403110664 -> 
  custom:video-codec-MediaFoundation-h265: 746d11721c4dcdbdad8f713fa42b33f4 -> 
  custom:audio-encoder-webm-vorbis: bf7c407c2cedff20999df2af8eb42d56 -> 
  custom:framework-win-MediaFoundation: 216162199b28c13a410421893ffa2e32 -> 
  custom:container-demuxer-ogg: 62fdf1f143b41e24485cea50d1cbac27 -> 
  custom:video-decoder-webm-vp8: 9c59270c3fd7afecdb556c50c9e8de78 -> 
  custom:audio-decoder-ogg-vorbis: bf7c407c2cedff20999df2af8eb42d56 -> 
